<?xml version="1.0" encoding="UTF-8"?>
<testng-results ignored="0" total="2" passed="2" failed="0" skipped="0">
  <reporter-output>
  </reporter-output>
  <suite started-at="2023-08-24T17:34:26 IST" name="Default suite" finished-at="2023-08-24T17:34:35 IST" duration-ms="9125">
    <groups>
    </groups>
    <test started-at="2023-08-24T17:34:26 IST" name="Default test" finished-at="2023-08-24T17:34:35 IST" duration-ms="9125">
      <class name="capstoneCasestudy.TestRunner">
        <test-method is-config="true" signature="initializeDriver()[pri:0, instance:capstoneCasestudy.TestRunner@183ec003]" started-at="2023-08-24T17:34:24 IST" name="initializeDriver" finished-at="2023-08-24T17:34:26 IST" duration-ms="2126" status="PASS">
          <reporter-output>
          </reporter-output>
        </test-method> <!-- initializeDriver -->
        <test-method signature="scenario1()[pri:0, instance:capstoneCasestudy.TestRunner@183ec003]" started-at="2023-08-24T17:34:26 IST" name="scenario1" finished-at="2023-08-24T17:34:31 IST" duration-ms="5476" status="PASS">
          <reporter-output>
          </reporter-output>
        </test-method> <!-- scenario1 -->
        <test-method signature="scenario2()[pri:0, instance:capstoneCasestudy.TestRunner@183ec003]" started-at="2023-08-24T17:34:31 IST" name="scenario2" finished-at="2023-08-24T17:34:35 IST" duration-ms="3604" status="PASS">
          <reporter-output>
          </reporter-output>
        </test-method> <!-- scenario2 -->
      </class> <!-- capstoneCasestudy.TestRunner -->
    </test> <!-- Default test -->
  </suite> <!-- Default suite -->
</testng-results>
